<?xml version="1.0" encoding="utf-8"?><testsuites name="pytest tests"><testsuite name="pytest" errors="0" failures="0" skipped="0" tests="8" time="2.003" timestamp="2026-09-12T02:29:33.639626+00:00" hostname="agent-env-9d0b0eb5-da87-477a-afcc-16fa9737c570"><testcase classname="tests.backend_test" name="test_archive" time="0.291" /><testcase classname="tests.backend_test" name="test_user_new_fields" time="0.146" /><testcase classname="tests.backend_test" name="test_referral_pending" time="0.235" /><testcase classname="tests.backend_test" name="test_referrals_endpoint_pending" time="0.073" /><testcase classname="tests.backend_test" name="test_referral_qualifies_after_score" time="0.263" /><testcase classname="tests.backend_test" name="test_submit_403_when_no_attempts" time="0.263" /><testcase classname="tests.backend_test" name="test_leaderboard_sort" time="0.064" /><testcase classname="tests.backend_test" name="test_referrals_404" time="0.061" /></testsuite></testsuites>